The system is: Windows - 10.0.18363 - AMD64
Compiling the CXX compiler identification source file "CMakeCXXCompilerId.cpp" succeeded.
Compiler: C:/Program Files (x86)/Microsoft Visual Studio/2019/Community/VC/Tools/MSVC/14.26.28801/bin/HostX64/x64/cl.exe 
Build flags: 
Id flags:  

The output was:
0
Microsoft (R) C/C++ Optimizing Compiler Version 19.26.28805 for x64
Copyright (C) Microsoft Corporation.  著作權所有，並保留一切權利。

CMakeCXXCompilerId.cpp
Microsoft (R) Incremental Linker Version 14.26.28805.0
Copyright (C) Microsoft Corporation.  All rights reserved.

/out:CMakeCXXCompilerId.exe 
CMakeCXXCompilerId.obj 


Compilation of the CXX compiler identification source "CMakeCXXCompilerId.cpp" produced "CMakeCXXCompilerId.exe"

Compilation of the CXX compiler identification source "CMakeCXXCompilerId.cpp" produced "CMakeCXXCompilerId.obj"

The CXX compiler identification is MSVC, found in "C:/Users/bottl/source/repos/z3/out/build/x64-Debug/CMakeFiles/3.17.20032601-MSVC_2/CompilerIdCXX/CMakeCXXCompilerId.exe"

Determining if the CXX compiler works passed with the following output:
Change Dir: C:/Users/bottl/source/repos/z3/out/build/x64-Debug/CMakeFiles/CMakeTmp

Run Build Command(s):C:/Program Files (x86)/Microsoft Visual Studio/2019/Community/Common7/IDE/CommonExtensions/Microsoft/CMake/Ninja/ninja.exe cmTC_b45fa && [1/2] Building CXX object CMakeFiles\cmTC_b45fa.dir\testCXXCompiler.cxx.obj
[2/2] Linking CXX executable cmTC_b45fa.exe



Detecting CXX compiler ABI info compiled with the following output:
Change Dir: C:/Users/bottl/source/repos/z3/out/build/x64-Debug/CMakeFiles/CMakeTmp

Run Build Command(s):C:/Program Files (x86)/Microsoft Visual Studio/2019/Community/Common7/IDE/CommonExtensions/Microsoft/CMake/Ninja/ninja.exe cmTC_50867 && [1/2] Building CXX object CMakeFiles\cmTC_50867.dir\CMakeCXXCompilerABI.cpp.obj
[2/2] Linking CXX executable cmTC_50867.exe



Performing C++ SOURCE FILE Test HAS__fp_precise succeeded with the following output:
Change Dir: C:/Users/bottl/source/repos/z3/out/build/x64-Debug/CMakeFiles/CMakeTmp

Run Build Command(s):C:/Program Files (x86)/Microsoft Visual Studio/2019/Community/Common7/IDE/CommonExtensions/Microsoft/CMake/Ninja/ninja.exe cmTC_83a75 && [1/2] Building CXX object CMakeFiles\cmTC_83a75.dir\src.cxx.obj
[2/2] Linking CXX executable cmTC_83a75.exe


Source file was:
int main() { return 0; }
Performing C++ SOURCE FILE Test HAS__W3 succeeded with the following output:
Change Dir: C:/Users/bottl/source/repos/z3/out/build/x64-Debug/CMakeFiles/CMakeTmp

Run Build Command(s):C:/Program Files (x86)/Microsoft Visual Studio/2019/Community/Common7/IDE/CommonExtensions/Microsoft/CMake/Ninja/ninja.exe cmTC_99ba7 && [1/2] Building CXX object CMakeFiles\cmTC_99ba7.dir\src.cxx.obj
[2/2] Linking CXX executable cmTC_99ba7.exe


Source file was:
int main() { return 0; }
Performing C++ SOURCE FILE Test HAS_MSVC_NO_OMIT_FRAME_POINTER succeeded with the following output:
Change Dir: C:/Users/bottl/source/repos/z3/out/build/x64-Debug/CMakeFiles/CMakeTmp

Run Build Command(s):C:/Program Files (x86)/Microsoft Visual Studio/2019/Community/Common7/IDE/CommonExtensions/Microsoft/CMake/Ninja/ninja.exe cmTC_2d64f && [1/2] Building CXX object CMakeFiles\cmTC_2d64f.dir\src.cxx.obj
[2/2] Linking CXX executable cmTC_2d64f.exe


Source file was:
int main() { return 0; }
Performing C++ SOURCE FILE Test HAS__Gd succeeded with the following output:
Change Dir: C:/Users/bottl/source/repos/z3/out/build/x64-Debug/CMakeFiles/CMakeTmp

Run Build Command(s):C:/Program Files (x86)/Microsoft Visual Studio/2019/Community/Common7/IDE/CommonExtensions/Microsoft/CMake/Ninja/ninja.exe cmTC_e0d14 && [1/2] Building CXX object CMakeFiles\cmTC_e0d14.dir\src.cxx.obj
[2/2] Linking CXX executable cmTC_e0d14.exe


Source file was:
int main() { return 0; }
